#
# A fatal error has been detected by the Java Runtime Environment:
#
#  EXCEPTION_ACCESS_VIOLATION (0xc0000005) at pc=0x6f34757e, pid=1412, tid=0x00002118
#
# JRE version: Java(TM) SE Runtime Environment (8.0_191-b12) (build 1.8.0_191-b12)
# Java VM: Java HotSpot(TM) Client VM (25.191-b12 mixed mode windows-x86 )
# Problematic frame:
# V  [jvm.dll+0xe757e]
#
# Failed to write core dump. Minidumps are not enabled by default on client versions of Windows
#
# If you would like to submit a bug report, please visit:
#   http://bugreport.java.com/bugreport/crash.jsp
#

---------------  T H R E A D  ---------------

Current thread (0x265c1c00):  JavaThread "EventThread COM5" [_thread_in_vm, id=8472, stack(0x25bd0000,0x25c20000)]

siginfo: ExceptionCode=0xc0000005, reading address 0x00000000

Registers:
EAX=0x00000000, EBX=0x00dd7080, ECX=0x265c1c00, EDX=0x0000009f
ESP=0x25c199cc, EBP=0x25c199e8, ESI=0x00000000, EDI=0x265c1c00
EIP=0x6f34757e, EFLAGS=0x00010246

Top of Stack: (sp=0x25c199cc)
0x25c199cc:   25c19a04 265c1d40 00dd7080 265c1c00
0x25c199dc:   28415a5c 0000009f 6f545568 25c1f2d8
0x25c199ec:   6400183d 265c1d40 00000000 00000000
0x25c199fc:   00005884 25c19a04 676e6f4c 73657250
0x25c19a0c:   20302073 65726373 30206e65 6f4c0a0d
0x25c19a1c:   7250676e 20737365 63732030 6e656572
0x25c19a2c:   0a0d3020 676e6f4c 73657250 20302073
0x25c19a3c:   65726373 30206e65 6f4c0a0d 7250676e 

Instructions: (pc=0x6f34757e)
0x6f34755e:   c4 08 83 7f 04 00 89 7d f0 c7 45 f4 00 00 00 00
0x6f34756e:   74 08 8d 4d f0 e8 e8 34 0c 00 8b 75 10 8b 45 0c
0x6f34757e:   8b 10 85 f6 78 32 8b 45 14 85 c0 78 2b 8d 0c 06
0x6f34758e:   3b 4a 08 77 23 85 c0 7e 3b 8b 4a 04 8b 49 04 83 


Register to memory mapping:

EAX=0x00000000 is an unknown value
EBX=0x00dd7080 is an unknown value
ECX=0x265c1c00 is a thread
EDX=0x0000009f is an unknown value
ESP=0x25c199cc is pointing into the stack for thread: 0x265c1c00
EBP=0x25c199e8 is pointing into the stack for thread: 0x265c1c00
ESI=0x00000000 is an unknown value
EDI=0x265c1c00 is a thread


Stack: [0x25bd0000,0x25c20000],  sp=0x25c199cc,  free space=294k
Native frames: (J=compiled Java code, j=interpreted, Vv=VM code, C=native code)
V  [jvm.dll+0xe757e]
C  [jSSC-2.8_x86.dll+0x183d]
J 7558  jssc.SerialNativeInterface.readBytes(JI)[B (0 bytes) @ 0x02df95a5 [0x02df9510+0x95]
J 7491 C1 processing.app.Serial.serialEvent(Ljssc/SerialPortEvent;)V (195 bytes) @ 0x02e02974 [0x02e02840+0x134]
J 8169 C1 jssc.SerialPort$EventThread.run()V (84 bytes) @ 0x02e6a558 [0x02e6a3f0+0x168]
v  ~StubRoutines::call_stub
V  [jvm.dll+0x15c315]
V  [jvm.dll+0x223ece]
V  [jvm.dll+0x15c3ae]
V  [jvm.dll+0x15c536]
V  [jvm.dll+0x15c5a7]
V  [jvm.dll+0x1002ef]
V  [jvm.dll+0x17f550]
V  [jvm.dll+0x17fdca]
V  [jvm.dll+0x1c57a6]
C  [msvcr100.dll+0x5c556]
C  [msvcr100.dll+0x5c600]
C  [KERNEL32.DLL+0x16359]
C  [ntdll.dll+0x67c24]
C  [ntdll.dll+0x67bf4]
C  0x00000000

Java frames: (J=compiled Java code, j=interpreted, Vv=VM code)
J 7558  jssc.SerialNativeInterface.readBytes(JI)[B (0 bytes) @ 0x02df9561 [0x02df9510+0x51]
J 7491 C1 processing.app.Serial.serialEvent(Ljssc/SerialPortEvent;)V (195 bytes) @ 0x02e02974 [0x02e02840+0x134]
J 8169 C1 jssc.SerialPort$EventThread.run()V (84 bytes) @ 0x02e6a558 [0x02e6a3f0+0x168]
v  ~StubRoutines::call_stub

---------------  P R O C E S S  ---------------

Java Threads: ( => current thread )
=>0x265c1c00 JavaThread "EventThread COM5" [_thread_in_vm, id=8472, stack(0x25bd0000,0x25c20000)]
  0x265c3000 JavaThread "DestroyJavaVM" [_thread_blocked, id=3432, stack(0x02860000,0x028b0000)]
  0x2830e400 JavaThread "TimerQueue" daemon [_thread_blocked, id=7588, stack(0x2b180000,0x2b1d0000)]
  0x28311000 JavaThread "AWT-EventQueue-0" [_thread_blocked, id=9124, stack(0x2aa60000,0x2aab0000)]
  0x28311c00 JavaThread "AWT-Shutdown" [_thread_blocked, id=4388, stack(0x02580000,0x025d0000)]
  0x2830fc00 JavaThread "Batik CleanerThread" daemon [_thread_blocked, id=7180, stack(0x00c80000,0x00cd0000)]
  0x282bc400 JavaThread "JmDNS(DESKTOP-OKS9MNG.local.).State.Timer" [_thread_blocked, id=3336, stack(0x29290000,0x292e0000)]
  0x282bc000 JavaThread "JmDNS(DESKTOP-OKS9MNG.local.).Timer" daemon [_thread_blocked, id=2556, stack(0x29200000,0x29250000)]
  0x282b9400 JavaThread "SocketListener(DESKTOP-OKS9MNG.local.)" daemon [_thread_in_native, id=1476, stack(0x29170000,0x291c0000)]
  0x2821b000 JavaThread "Multihomed mDNS.Timer" daemon [_thread_blocked, id=9104, stack(0x04b20000,0x04b70000)]
  0x26591800 JavaThread "cc.arduino.packages.discoverers.serial.SerialDiscovery" [_thread_blocked, id=3804, stack(0x29030000,0x29080000)]
  0x2679bc00 JavaThread "AWT-Windows" daemon [_thread_blocked, id=7760, stack(0x26c80000,0x26cd0000)]
  0x26799400 JavaThread "Java2D Disposer" daemon [_thread_blocked, id=1868, stack(0x26b60000,0x26bb0000)]
  0x25f78c00 JavaThread "Service Thread" daemon [_thread_blocked, id=9204, stack(0x263f0000,0x26440000)]
  0x25f7e000 JavaThread "C1 CompilerThread0" daemon [_thread_blocked, id=9084, stack(0x26360000,0x263b0000)]
  0x25f7c400 JavaThread "Attach Listener" daemon [_thread_blocked, id=3908, stack(0x262d0000,0x26320000)]
  0x25f79c00 JavaThread "Signal Dispatcher" daemon [_thread_blocked, id=7608, stack(0x26240000,0x26290000)]
  0x25f5bc00 JavaThread "Finalizer" daemon [_thread_blocked, id=8148, stack(0x25370000,0x253c0000)]
  0x25f55c00 JavaThread "Reference Handler" daemon [_thread_blocked, id=6788, stack(0x252b0000,0x25300000)]

Other Threads:
  0x25f40c00 VMThread [stack: 0x25220000,0x25270000] [id=7164]
  0x25fa6400 WatcherThread [stack: 0x26480000,0x264d0000] [id=10048]

VM state:synchronizing (normal execution)

VM Mutex/Monitor currently owned by a thread:  ([mutex/lock_event])
[0x00d2eaf0] Threads_lock - owner thread: 0x25f40c00
[0x00d2e2d0] Heap_lock - owner thread: 0x28311000

Heap:
 def new generation   total 157248K, used 157244K [0x04c00000, 0x0f6a0000, 0x0f6a0000)
  eden space 139776K,  99% used [0x04c00000, 0x0d47fff8, 0x0d480000)
  from space 17472K,  99% used [0x0d480000, 0x0e58f360, 0x0e590000)
  to   space 17472K,   0% used [0x0e590000, 0x0e590000, 0x0f6a0000)
 tenured generation   total 349568K, used 349567K [0x0f6a0000, 0x24c00000, 0x24c00000)
   the space 349568K,  99% used [0x0f6a0000, 0x24bfffd0, 0x24c00000, 0x24c00000)
 Metaspace       used 26479K, capacity 27138K, committed 27392K, reserved 28032K

Card table byte_map: [0x24c00000,0x24d10000] byte_map_base: 0x24bda000

Polling page: 0x00db0000

CodeCache: size=32768Kb used=3551Kb max_used=5119Kb free=29216Kb
 bounds [0x029e0000, 0x02ee8000, 0x049e0000]
 total_blobs=2175 nmethods=1874 adapters=228
 compilation: enabled

Compilation events (10 events):
Event: 6078.941 Thread 0x25f7e000 21019             javax.jmdns.impl.DNSIncoming$MessageInputStream::readUnsignedShort (13 bytes)
Event: 6078.942 Thread 0x25f7e000 nmethod 21019 0x02d52e88 code [0x02d52f90, 0x02d53058]
Event: 6088.537 Thread 0x25f7e000 21020             javax.jmdns.impl.DNSIncoming$MessageInputStream::readUTF (204 bytes)
Event: 6088.540 Thread 0x25f7e000 nmethod 21020 0x02c9d1c8 code [0x02c9d340, 0x02c9d850]
Event: 6088.541 Thread 0x25f7e000 21021             java.lang.String::<init> (82 bytes)
Event: 6088.543 Thread 0x25f7e000 nmethod 21021 0x02e76c88 code [0x02e76dd0, 0x02e76fe0]
Event: 6088.553 Thread 0x25f7e000 21022             javax.swing.text.GapContent$MarkData::getOffset (46 bytes)
Event: 6088.553 Thread 0x25f7e000 nmethod 21022 0x02cf2b08 code [0x02cf2c00, 0x02cf2ca0]
Event: 6151.935 Thread 0x25f7e000 21023             sun.util.locale.provider.RuleBasedBreakIterator::readTables (413 bytes)
Event: 6156.595 Thread 0x25f7e000 nmethod 21023 0x02d07148 code [0x02d07340, 0x02d07ecc]

GC Heap History (10 events):
Event: 6145.643 GC heap before
{Heap before GC invocations=94 (full 41):
 def new generation   total 157248K, used 157248K [0x04c00000, 0x0f6a0000, 0x0f6a0000)
  eden space 139776K, 100% used [0x04c00000, 0x0d480000, 0x0d480000)
  from space 17472K, 100% used [0x0d480000, 0x0e590000, 0x0e590000)
  to   space 17472K,   0% used [0x0e590000, 0x0e590000, 0x0f6a0000)
 tenured generation   total 349568K, used 349568K [0x0f6a0000, 0x24c00000, 0x24c00000)
   the space 349568K, 100% used [0x0f6a0000, 0x24c00000, 0x24c00000, 0x24c00000)
 Metaspace       used 26479K, capacity 27138K, committed 27392K, reserved 28032K
Event: 6147.646 GC heap after
Heap after GC invocations=95 (full 42):
 def new generation   total 157248K, used 157235K [0x04c00000, 0x0f6a0000, 0x0f6a0000)
  eden space 139776K, 100% used [0x04c00000, 0x0d480000, 0x0d480000)
  from space 17472K,  99% used [0x0d480000, 0x0e58cd98, 0x0e590000)
  to   space 17472K,   0% used [0x0e590000, 0x0e590000, 0x0f6a0000)
 tenured generation   total 349568K, used 349568K [0x0f6a0000, 0x24c00000, 0x24c00000)
   the space 349568K, 100% used [0x0f6a0000, 0x24c00000, 0x24c00000, 0x24c00000)
 Metaspace       used 26479K, capacity 27138K, committed 27392K, reserved 28032K
}
Event: 6147.648 GC heap before
{Heap before GC invocations=95 (full 42):
 def new generation   total 157248K, used 157247K [0x04c00000, 0x0f6a0000, 0x0f6a0000)
  eden space 139776K, 100% used [0x04c00000, 0x0d480000, 0x0d480000)
  from space 17472K,  99% used [0x0d480000, 0x0e58fff8, 0x0e590000)
  to   space 17472K,   0% used [0x0e590000, 0x0e590000, 0x0f6a0000)
 tenured generation   total 349568K, used 349568K [0x0f6a0000, 0x24c00000, 0x24c00000)
   the space 349568K, 100% used [0x0f6a0000, 0x24c00000, 0x24c00000, 0x24c00000)
 Metaspace       used 26479K, capacity 27138K, committed 27392K, reserved 28032K
Event: 6149.487 GC heap after
Heap after GC invocations=96 (full 43):
 def new generation   total 157248K, used 157234K [0x04c00000, 0x0f6a0000, 0x0f6a0000)
  eden space 139776K, 100% used [0x04c00000, 0x0d480000, 0x0d480000)
  from space 17472K,  99% used [0x0d480000, 0x0e58ca58, 0x0e590000)
  to   space 17472K,   0% used [0x0e590000, 0x0e590000, 0x0f6a0000)
 tenured generation   total 349568K, used 349568K [0x0f6a0000, 0x24c00000, 0x24c00000)
   the space 349568K, 100% used [0x0f6a0000, 0x24c00000, 0x24c00000, 0x24c00000)
 Metaspace       used 26479K, capacity 27138K, committed 27392K, reserved 28032K
}
Event: 6149.488 GC heap before
{Heap before GC invocations=96 (full 43):
 def new generation   total 157248K, used 157248K [0x04c00000, 0x0f6a0000, 0x0f6a0000)
  eden space 139776K, 100% used [0x04c00000, 0x0d480000, 0x0d480000)
  from space 17472K, 100% used [0x0d480000, 0x0e590000, 0x0e590000)
  to   space 17472K,   0% used [0x0e590000, 0x0e590000, 0x0f6a0000)
 tenured generation   total 349568K, used 349568K [0x0f6a0000, 0x24c00000, 0x24c00000)
   the space 349568K, 100% used [0x0f6a0000, 0x24c00000, 0x24c00000, 0x24c00000)
 Metaspace       used 26479K, capacity 27138K, committed 27392K, reserved 28032K
Event: 6151.933 GC heap after
Heap after GC invocations=97 (full 44):
 def new generation   total 157248K, used 157232K [0x04c00000, 0x0f6a0000, 0x0f6a0000)
  eden space 139776K,  99% used [0x04c00000, 0x0d47fed8, 0x0d480000)
  from space 17472K,  99% used [0x0d480000, 0x0e58c1d0, 0x0e590000)
  to   space 17472K,   0% used [0x0e590000, 0x0e590000, 0x0f6a0000)
 tenured generation   total 349568K, used 349567K [0x0f6a0000, 0x24c00000, 0x24c00000)
   the space 349568K,  99% used [0x0f6a0000, 0x24bfffb8, 0x24c00000, 0x24c00000)
 Metaspace       used 26479K, capacity 27138K, committed 27392K, reserved 28032K
}
Event: 6151.938 GC heap before
{Heap before GC invocations=97 (full 44):
 def new generation   total 157248K, used 157246K [0x04c00000, 0x0f6a0000, 0x0f6a0000)
  eden space 139776K, 100% used [0x04c00000, 0x0d480000, 0x0d480000)
  from space 17472K,  99% used [0x0d480000, 0x0e58fbd8, 0x0e590000)
  to   space 17472K,   0% used [0x0e590000, 0x0e590000, 0x0f6a0000)
 tenured generation   total 349568K, used 349567K [0x0f6a0000, 0x24c00000, 0x24c00000)
   the space 349568K,  99% used [0x0f6a0000, 0x24bfffb8, 0x24c00000, 0x24c00000)
 Metaspace       used 26479K, capacity 27138K, committed 27392K, reserved 28032K
Event: 6153.884 GC heap after
Heap after GC invocations=98 (full 45):
 def new generation   total 157248K, used 157231K [0x04c00000, 0x0f6a0000, 0x0f6a0000)
  eden space 139776K,  99% used [0x04c00000, 0x0d47fef0, 0x0d480000)
  from space 17472K,  99% used [0x0d480000, 0x0e58c048, 0x0e590000)
  to   space 17472K,   0% used [0x0e590000, 0x0e590000, 0x0f6a0000)
 tenured generation   total 349568K, used 349567K [0x0f6a0000, 0x24c00000, 0x24c00000)
   the space 349568K,  99% used [0x0f6a0000, 0x24bfffb8, 0x24c00000, 0x24c00000)
 Metaspace       used 26479K, capacity 27138K, committed 27392K, reserved 28032K
}
Event: 6153.884 GC heap before
{Heap before GC invocations=98 (full 45):
 def new generation   total 157248K, used 157231K [0x04c00000, 0x0f6a0000, 0x0f6a0000)
  eden space 139776K,  99% used [0x04c00000, 0x0d47fef0, 0x0d480000)
  from space 17472K,  99% used [0x0d480000, 0x0e58c048, 0x0e590000)
  to   space 17472K,   0% used [0x0e590000, 0x0e590000, 0x0f6a0000)
 tenured generation   total 349568K, used 349567K [0x0f6a0000, 0x24c00000, 0x24c00000)
   the space 349568K,  99% used [0x0f6a0000, 0x24bfffb8, 0x24c00000, 0x24c00000)
 Metaspace       used 26479K, capacity 27138K, committed 27392K, reserved 28032K
Event: 6156.591 GC heap after
Heap after GC invocations=99 (full 46):
 def new generation   total 157248K, used 157230K [0x04c00000, 0x0f6a0000, 0x0f6a0000)
  eden space 139776K,  99% used [0x04c00000, 0x0d47ffe8, 0x0d480000)
  from space 17472K,  99% used [0x0d480000, 0x0e58b8f8, 0x0e590000)
  to   space 17472K,   0% used [0x0e590000, 0x0e590000, 0x0f6a0000)
 tenured generation   total 349568K, used 349567K [0x0f6a0000, 0x24c00000, 0x24c00000)
   the space 349568K,  99% used [0x0f6a0000, 0x24bfffd0, 0x24c00000, 0x24c00000)
 Metaspace       used 26479K, capacity 27138K, committed 27392K, reserved 28032K
}

Deoptimization events (0 events):
No events

Classes redefined (0 events):
No events

Internal exceptions (10 events):
Event: 6026.753 Thread 0x265bd000 Exception <a 'sun/nio/fs/WindowsException'> (0x07ead358) thrown at [C:\workspace\8-2-build-windows-i586-cygwin\jdk8u191\11896\hotspot\src\share\vm\prims\jni.cpp, line 709]
Event: 6026.759 Thread 0x265bd000 Exception <a 'sun/nio/fs/WindowsException'> (0x07eb8e70) thrown at [C:\workspace\8-2-build-windows-i586-cygwin\jdk8u191\11896\hotspot\src\share\vm\prims\jni.cpp, line 709]
Event: 6026.759 Thread 0x265bd000 Exception <a 'sun/nio/fs/WindowsException'> (0x07eb93d8) thrown at [C:\workspace\8-2-build-windows-i586-cygwin\jdk8u191\11896\hotspot\src\share\vm\prims\jni.cpp, line 709]
Event: 6026.765 Thread 0x265bd000 Exception <a 'sun/nio/fs/WindowsException'> (0x07ec4e30) thrown at [C:\workspace\8-2-build-windows-i586-cygwin\jdk8u191\11896\hotspot\src\share\vm\prims\jni.cpp, line 709]
Event: 6026.765 Thread 0x265bd000 Exception <a 'sun/nio/fs/WindowsException'> (0x07ec5398) thrown at [C:\workspace\8-2-build-windows-i586-cygwin\jdk8u191\11896\hotspot\src\share\vm\prims\jni.cpp, line 709]
Event: 6026.771 Thread 0x265bd000 Exception <a 'sun/nio/fs/WindowsException'> (0x07edeb88) thrown at [C:\workspace\8-2-build-windows-i586-cygwin\jdk8u191\11896\hotspot\src\share\vm\prims\jni.cpp, line 709]
Event: 6026.771 Thread 0x265bd000 Exception <a 'sun/nio/fs/WindowsException'> (0x07edf118) thrown at [C:\workspace\8-2-build-windows-i586-cygwin\jdk8u191\11896\hotspot\src\share\vm\prims\jni.cpp, line 709]
Event: 6026.777 Thread 0x265bd000 Exception <a 'sun/nio/fs/WindowsException'> (0x07ef7d08) thrown at [C:\workspace\8-2-build-windows-i586-cygwin\jdk8u191\11896\hotspot\src\share\vm\prims\jni.cpp, line 709]
Event: 6026.777 Thread 0x265bd000 Exception <a 'sun/nio/fs/WindowsException'> (0x07ef82c0) thrown at [C:\workspace\8-2-build-windows-i586-cygwin\jdk8u191\11896\hotspot\src\share\vm\prims\jni.cpp, line 709]
Event: 6156.591 Thread 0x265c1c00 Exception <a 'java/lang/OutOfMemoryError'> (0x0f730408) thrown at [C:\workspace\8-2-build-windows-i586-cygwin\jdk8u191\11896\hotspot\src\share\vm\gc_interface/collectedHeap.inline.hpp, line 159]

Events (10 events):
Event: 6147.647 Executing VM operation: GenCollectForAllocation
Event: 6149.487 Executing VM operation: GenCollectForAllocation done
Event: 6149.488 Executing VM operation: GenCollectForAllocation
Event: 6151.933 Executing VM operation: GenCollectForAllocation done
Event: 6151.938 Executing VM operation: GenCollectForAllocation
Event: 6156.591 Executing VM operation: GenCollectForAllocation done
Event: 6156.595 Thread 0x25f7e000 flushing nmethod 0x02ab7c08
Event: 6156.596 Thread 0x25f7e000 flushing nmethod 0x02adc588
Event: 6156.596 Thread 0x25f7e000 flushing nmethod 0x02ae8688
Event: 6156.597 Executing VM operation: GenCollectForAllocation


Dynamic libraries:
0x002e0000 - 0x00313000 	C:\Program Files (x86)\Arduino\java\bin\javaw.exe
0x770d0000 - 0x7726a000 	C:\WINDOWS\SYSTEM32\ntdll.dll
0x753a0000 - 0x75480000 	C:\WINDOWS\System32\KERNEL32.DLL
0x75830000 - 0x75a2f000 	C:\WINDOWS\System32\KERNELBASE.dll
0x74bb0000 - 0x74c29000 	C:\WINDOWS\System32\ADVAPI32.dll
0x75720000 - 0x757df000 	C:\WINDOWS\System32\msvcrt.dll
0x749a0000 - 0x74a16000 	C:\WINDOWS\System32\sechost.dll
0x76b60000 - 0x76c1b000 	C:\WINDOWS\System32\RPCRT4.dll
0x74890000 - 0x748b5000 	C:\WINDOWS\System32\SspiCli.dll
0x74880000 - 0x7488a000 	C:\WINDOWS\System32\CRYPTBASE.dll
0x751a0000 - 0x751ff000 	C:\WINDOWS\System32\bcryptPrimitives.dll
0x75490000 - 0x75628000 	C:\WINDOWS\System32\USER32.dll
0x74ee0000 - 0x74ef7000 	C:\WINDOWS\System32\win32u.dll
0x756f0000 - 0x75711000 	C:\WINDOWS\System32\GDI32.dll
0x74d80000 - 0x74edc000 	C:\WINDOWS\System32\gdi32full.dll
0x74f00000 - 0x74f7c000 	C:\WINDOWS\System32\msvcp_win.dll
0x769d0000 - 0x76aef000 	C:\WINDOWS\System32\ucrtbase.dll
0x73980000 - 0x73b8f000 	C:\WINDOWS\WinSxS\x86_microsoft.windows.common-controls_6595b64144ccf1df_6.0.18362.1082_none_e62ecab8f8d74ec7\COMCTL32.dll
0x76750000 - 0x769c5000 	C:\WINDOWS\System32\combase.dll
0x74d20000 - 0x74d45000 	C:\WINDOWS\System32\IMM32.DLL
0x73560000 - 0x7361f000 	C:\Program Files (x86)\Arduino\java\bin\msvcr100.dll
0x6f260000 - 0x6f633000 	C:\Program Files (x86)\Arduino\java\bin\client\jvm.dll
0x75480000 - 0x75486000 	C:\WINDOWS\System32\PSAPI.DLL
0x74460000 - 0x74484000 	C:\WINDOWS\SYSTEM32\WINMM.dll
0x74400000 - 0x74408000 	C:\WINDOWS\SYSTEM32\WSOCK32.dll
0x76000000 - 0x7605e000 	C:\WINDOWS\System32\WS2_32.dll
0x74260000 - 0x74268000 	C:\WINDOWS\SYSTEM32\VERSION.dll
0x74410000 - 0x74433000 	C:\WINDOWS\SYSTEM32\winmmbase.dll
0x757f0000 - 0x7582b000 	C:\WINDOWS\System32\cfgmgr32.dll
0x73530000 - 0x73560000 	C:\Program Files (x86)\Arduino\java\bin\splashscreen.dll
0x73520000 - 0x7352c000 	C:\Program Files (x86)\Arduino\java\bin\verify.dll
0x734f0000 - 0x73512000 	C:\Program Files (x86)\Arduino\java\bin\java.dll
0x74120000 - 0x7419a000 	C:\WINDOWS\system32\uxtheme.dll
0x734d0000 - 0x734e4000 	C:\Program Files (x86)\Arduino\java\bin\zip.dll
0x76060000 - 0x76163000 	C:\WINDOWS\System32\MSCTF.dll
0x74c30000 - 0x74cc2000 	C:\WINDOWS\System32\OLEAUT32.dll
0x757e0000 - 0x757ef000 	C:\WINDOWS\System32\kernel.appcore.dll
0x73440000 - 0x734c4000 	C:\WINDOWS\System32\TextInputFramework.dll
0x72e20000 - 0x72ea9000 	C:\WINDOWS\System32\CoreMessaging.dll
0x6ec30000 - 0x6ee8e000 	C:\WINDOWS\System32\CoreUIComponents.dll
0x74900000 - 0x74984000 	C:\WINDOWS\System32\SHCORE.dll
0x73e70000 - 0x73e99000 	C:\WINDOWS\SYSTEM32\ntmarta.dll
0x72d40000 - 0x72e1a000 	C:\WINDOWS\SYSTEM32\wintypes.dll
0x6ea00000 - 0x6ec29000 	C:\WINDOWS\System32\iertutil.dll
0x72f30000 - 0x72f67000 	C:\Program Files\WIDCOMM\Bluetooth Software\SysWOW64\BtMmHook.dll
0x76170000 - 0x766ea000 	C:\WINDOWS\System32\SHELL32.dll
0x75a30000 - 0x75ff1000 	C:\WINDOWS\System32\windows.storage.dll
0x748e0000 - 0x748fb000 	C:\WINDOWS\System32\profapi.dll
0x76c20000 - 0x76c63000 	C:\WINDOWS\System32\powrprof.dll
0x75680000 - 0x7568d000 	C:\WINDOWS\System32\UMPDC.dll
0x74cd0000 - 0x74d14000 	C:\WINDOWS\System32\shlwapi.dll
0x748c0000 - 0x748d3000 	C:\WINDOWS\System32\cryptsp.dll
0x74ab0000 - 0x74ba7000 	C:\WINDOWS\System32\ole32.dll
0x61940000 - 0x619b3000 	C:\Program Files (x86)\Arduino\lib\listSerialsj.dll
0x76c70000 - 0x770b9000 	C:\WINDOWS\System32\SETUPAPI.dll
0x75300000 - 0x75319000 	C:\WINDOWS\System32\bcrypt.dll
0x72bf0000 - 0x72c0d000 	C:\Program Files (x86)\Arduino\lib\jnidispatch-4.2.2-win32-x86.dll
0x72bd0000 - 0x72be5000 	C:\Program Files (x86)\Arduino\java\bin\net.dll
0x74080000 - 0x740d2000 	C:\WINDOWS\system32\mswsock.dll
0x73430000 - 0x7343f000 	C:\Program Files (x86)\Arduino\java\bin\nio.dll
0x6e8b0000 - 0x6e9f7000 	C:\Program Files (x86)\Arduino\java\bin\awt.dll
0x71b40000 - 0x71bdf000 	C:\WINDOWS\SYSTEM32\apphelp.dll
0x740f0000 - 0x74115000 	C:\WINDOWS\system32\DWMAPI.DLL
0x72b90000 - 0x72bc9000 	C:\Program Files (x86)\Arduino\java\bin\fontmanager.dll
0x6f160000 - 0x6f25f000 	C:\WINDOWS\system32\opengl32.dll
0x71c00000 - 0x71c3f000 	C:\WINDOWS\SYSTEM32\GLU32.dll
0x72960000 - 0x72979000 	C:\WINDOWS\SYSTEM32\dxcore.dll
0x71b00000 - 0x71b32000 	C:\Program Files (x86)\Arduino\java\bin\t2k.dll
0x72d30000 - 0x72d3a000 	C:\Program Files (x86)\Arduino\java\bin\management.dll
0x73bf0000 - 0x73c01000 	C:\WINDOWS\system32\napinsp.dll
0x73bd0000 - 0x73be6000 	C:\WINDOWS\system32\pnrpnsp.dll
0x73f10000 - 0x73fa4000 	C:\WINDOWS\SYSTEM32\DNSAPI.dll
0x74d70000 - 0x74d77000 	C:\WINDOWS\System32\NSI.dll
0x74660000 - 0x74692000 	C:\WINDOWS\SYSTEM32\IPHLPAPI.DLL
0x73bc0000 - 0x73bcb000 	C:\WINDOWS\System32\winrnr.dll
0x73ba0000 - 0x73bb6000 	C:\WINDOWS\system32\NLAapi.dll
0x73b90000 - 0x73ba0000 	C:\WINDOWS\system32\wshbth.dll
0x73ea0000 - 0x73ef1000 	C:\WINDOWS\System32\fwpuclnt.dll
0x73f00000 - 0x73f08000 	C:\Windows\System32\rasadhlp.dll
0x737b0000 - 0x737c3000 	C:\WINDOWS\SYSTEM32\dhcpcsvc6.DLL
0x74440000 - 0x74455000 	C:\WINDOWS\SYSTEM32\dhcpcsvc.DLL
0x73e40000 - 0x73e6f000 	C:\WINDOWS\system32\rsaenh.dll
0x74060000 - 0x7407e000 	C:\WINDOWS\SYSTEM32\USERENV.dll
0x6e840000 - 0x6e8a9000 	C:\Program Files (x86)\Arduino\msvcp100.dll
0x6e780000 - 0x6e83e000 	C:\Program Files (x86)\Arduino\msvcr100.dll
0x29600000 - 0x29632000 	C:\Program Files (x86)\Arduino\lib\AStylej.dll
0x71ad0000 - 0x71af4000 	C:\Program Files (x86)\Arduino\java\bin\dcpr.dll
0x75320000 - 0x753a0000 	C:\WINDOWS\System32\clbcatq.dll
0x71f00000 - 0x72069000 	C:\WINDOWS\SYSTEM32\WindowsCodecs.dll
0x6f120000 - 0x6f151000 	C:\WINDOWS\system32\dataexchange.dll
0x723f0000 - 0x725ce000 	C:\WINDOWS\system32\d3d11.dll
0x72320000 - 0x723e1000 	C:\WINDOWS\system32\dxgi.dll
0x6e610000 - 0x6e77a000 	C:\WINDOWS\system32\dcomp.dll
0x6e420000 - 0x6e605000 	C:\WINDOWS\system32\twinapi.appcore.dll
0x722f0000 - 0x7230f000 	C:\WINDOWS\system32\RMCLIENT.dll
0x71be0000 - 0x71c00000 	C:\Program Files (x86)\Arduino\java\bin\sunec.dll
0x71ac0000 - 0x71ac9000 	C:\Program Files (x86)\Arduino\java\bin\sunmscapi.dll
0x75200000 - 0x752fb000 	C:\WINDOWS\System32\CRYPT32.dll
0x74990000 - 0x7499e000 	C:\WINDOWS\System32\MSASN1.dll
0x73950000 - 0x73973000 	C:\WINDOWS\SYSTEM32\DEVOBJ.dll
0x75630000 - 0x75676000 	C:\WINDOWS\System32\WINTRUST.dll
0x64000000 - 0x6401b000 	C:\Program Files (x86)\Arduino\lib\jSSC-2.8_x86.dll
0x6da30000 - 0x6e41b000 	C:\WINDOWS\SYSTEM32\ig8icd32.dll
0x73670000 - 0x7367f000 	C:\WINDOWS\SYSTEM32\WTSAPI32.dll
0x6d160000 - 0x6da2a000 	C:\WINDOWS\SYSTEM32\igdusc32.dll
0x74270000 - 0x743ff000 	C:\WINDOWS\SYSTEM32\dbghelp.dll

VM Arguments:
jvm_args: -Dsun.java2d.d3d=false -Djna.nosys=true -Djna.nounpack=true -Djna.boot.library.name=jnidispatch-4.2.2-win32-x86 -Djna.boot.library.path=C:\Program Files (x86)\Arduino/lib -Djssc.library.path=C:\Program Files (x86)\Arduino/lib -DAPP_DIR=C:\Program Files (x86)\Arduino -Xms128M -Xmx512M -Dfile.encoding=UTF8 -Djava.net.preferIPv4Stack=true 
java_command: processing.app.Base C:\Users\Sergey\Google Диск\Arduino\Spedometr2mod (1)\Spedometr2mod\Spedometr2mod.ino
java_class_path (initial): C:\Program Files (x86)\Arduino\lib\apple.jar;C:\Program Files (x86)\Arduino\lib\arduino-core.jar;C:\Program Files (x86)\Arduino\lib\batik-1.8.jar;C:\Program Files (x86)\Arduino\lib\batik-anim-1.8.jar;C:\Program Files (x86)\Arduino\lib\batik-awt-util-1.8.jar;C:\Program Files (x86)\Arduino\lib\batik-bridge-1.8.jar;C:\Program Files (x86)\Arduino\lib\batik-codec-1.8.jar;C:\Program Files (x86)\Arduino\lib\batik-css-1.8.jar;C:\Program Files (x86)\Arduino\lib\batik-dom-1.8.jar;C:\Program Files (x86)\Arduino\lib\batik-ext-1.8.jar;C:\Program Files (x86)\Arduino\lib\batik-gvt-1.8.jar;C:\Program Files (x86)\Arduino\lib\batik-parser-1.8.jar;C:\Program Files (x86)\Arduino\lib\batik-rasterizer-1.8.jar;C:\Program Files (x86)\Arduino\lib\batik-script-1.8.jar;C:\Program Files (x86)\Arduino\lib\batik-squiggle-1.8.jar;C:\Program Files (x86)\Arduino\lib\batik-svg-dom-1.8.jar;C:\Program Files (x86)\Arduino\lib\batik-svgpp-1.8.jar;C:\Program Files (x86)\Arduino\lib\batik-transcoder-1.8.jar;C:\Program Files (x86)\Arduino\lib\batik-util-1.8.jar;C:\Program Files (x86)\Arduino\lib\batik-xml-1.8.jar;C:\Program Files (x86)\Arduino\lib\bcpg-jdk15on-152.jar;C:\Program Files (x86)\Arduino\lib\bcprov-jdk15on-152.jar;C:\Program Files (x86)\Arduino\lib\commons-codec-1.7.jar;C:\Program Files (x86)\Arduino\lib\commons-compress-1.8.jar;C:\Program Files (x86)\Arduino\lib\commons-exec-1.1.jar;C:\Program Files (x86)\Arduino\lib\commons-httpclient-3.1.jar;C:\Program Files (x86)\Arduino\lib\commons-lang3-3.8.1.jar;C:\Program Files (x86)\Arduino\lib\commons-logging-1.0.4.jar;C:\Program Files (x86)\Arduino\lib\commons-net-3.3.jar;C:\Program Files (x86)\Arduino\lib\commons-io-2.6.jar;C:\Program Files (x86)\Arduino\lib\jackson-annotations-2.9.5.jar;C:\Program Files (x86)\Arduino\lib\jackson-core-2.9.5.jar;C:\Program Files (x86)\Arduino\lib\jackson-databind-2.9.5.jar;C:\Program Files (x86)\Arduino\lib\jackson-module-mrbean-2.9.5.jar;C:\Program Files (x86)\Arduino\lib\java-semver-0.8.
Launcher Type: SUN_STANDARD

Environment Variables:
PATH=C:\Program Files\Common Files\Oracle\Java\javapath;C:\Program Files\Dell\DW WLAN Card;C:\ProgramData\Oracle\Java\javapath;C:\Program Files (x86)\Common Files\Oracle\Java\javapath;C:\Program Files (x86)\NVIDIA Corporation\PhysX\Common;C:\WINDOWS\system32;C:\WINDOWS;C:\WINDOWS\System32\Wbem;C:\WINDOWS\System32\WindowsPowerShell\v1.0\;C:\WINDOWS\System32\OpenSSH\;C:\Program Files\Microsoft SQL Server\Client SDK\ODBC\110\Tools\Binn\;C:\Program Files (x86)\Microsoft SQL Server\120\Tools\Binn\;C:\Program Files\Microsoft SQL Server\120\Tools\Binn\;C:\Program Files\Microsoft SQL Server\120\DTS\Binn\;C:\Program Files (x86)\Windows Kits\8.1\Windows Performance Toolkit\;C:\Program Files (x86)\STMicroelectronics\STM32 ST-LINK Utility\ST-LINK Utility;C:\Program Files\nodejs\;C:\Program Files\WIDCOMM\Bluetooth Software\;C:\Program Files\WIDCOMM\Bluetooth Software\syswow64;C:\Program Files\Git\cmd;D:\ESP\.espressif\python_env\idf4.3_py3.8_env\Scripts;D:\ESP\.espressif\python_env\idf4.3_py3.8_env;C:\Python\Python39\Scripts\;C:\Python\Python39\;C:\Users\Sergey\AppData\Local\Microsoft\WindowsApps;C:\Users\Sergey\AppData\Local\Programs\Microsoft VS Code\bin;C:\Program Files\JetBrains\WebStorm 2020.2.1\bin;;C:\Users\Sergey\AppData\Local\GitHubDesktop\bin;C:\Users\Sergey\AppData\Roaming\npm;C:\Program Files\nodejs;;C:\Program Files\JetBrains\PyCharm Community Edition 2021.1.3\bin;;C:\Program Files (x86)\Arduino\java\bin
USERNAME=Sergey
OS=Windows_NT
PROCESSOR_IDENTIFIER=Intel64 Family 6 Model 61 Stepping 4, GenuineIntel



---------------  S Y S T E M  ---------------

OS: Windows 10.0 , 64 bit Build 18362 (10.0.18362.1082)

CPU:total 4 (initial active 4) (2 cores per cpu, 2 threads per core) family 6 model 61 stepping 4, cmov, cx8, fxsr, mmx, sse, sse2, sse3, ssse3, sse4.1, sse4.2, popcnt, avx, avx2, aes, clmul, erms, rtm, 3dnowpref, lzcnt, ht, tsc, tscinvbit, bmi1, bmi2, adx

Memory: 4k page, physical 8277516k(3839364k free), swap 10229260k(5093056k free)

vm_info: Java HotSpot(TM) Client VM (25.191-b12) for windows-x86 JRE (1.8.0_191-b12), built on Oct  6 2018 08:34:23 by "java_re" with MS VC++ 10.0 (VS2010)

time: Thu Aug 12 20:46:34 2021
elapsed time: 6156 seconds (0d 1h 42m 36s)

